<?xml version="1.0" encoding="UTF-8"?>
<!-- Generated by org.testng.reporters.JUnitReportReporter -->
<testsuite hostname="CHPL124877" failures="0" tests="4" name="test.SimpleTest" time="1.657" errors="0" timestamp="2022-07-04T12:55:09 IST" skipped="0">
  <testcase classname="test.SimpleTest" name="LogIn" time="0.302"/>
  <system-out/>
  <testcase classname="test.SimpleTest" name="selectProductToCart" time="0.748"/>
  <system-out/>
  <testcase classname="test.SimpleTest" name="checkoutAndFinsh" time="0.382"/>
  <system-out/>
  <testcase classname="test.SimpleTest" name="verifyElement" time="0.225"/>
  <system-out/>
</testsuite> <!-- test.SimpleTest -->
